<?xml version="1.0" encoding="UTF-8"?>
<!-- Generated by org.testng.reporters.JUnitXMLReporter -->
<testsuite ignored="1" hostname="DESKTOP-OSOVURS" failures="0" tests="2" name="Test" time="0.112" errors="0" timestamp="2021-12-07T02:32:00 PST">
  <testcase classname="groups.TC01" name="LoginTest" time="0.018"/>
  <testcase classname="groups.TC01" name="cart" time="0.005"/>
  <testcase classname="groups.TC01" name="RegisterTest" time="0.0">
    <ignored/>
  </testcase> <!-- RegisterTest -->
</testsuite> <!-- Test -->
